[+] Containers:
 |- [+] Container: /Game/FirstPerson/Maps/FirstPersonMap
 |   |- [+] ActorDescs:
 |   |   |- Guid:0081FDDC4740A26DA8561484C3EE4835 NativeClass:/Script/Engine.StaticMeshActor Name:StaticMeshActor_UAID_004E01BD7690319B02_1257249817 Label:SM_Cube11 SpatiallyLoaded:true EditorBounds:IsValid=true, Min=(X=320.259 Y=1945.721 Z=50.000), Max=(X=1120.000 Y=2871.800 Z=450.000) RuntimeBounds:IsValid=true, Min=(X=320.259 Y=1945.721 Z=50.000), Max=(X=1120.000 Y=2871.800 Z=450.000) RuntimeGrid:None EditorOnly:false RuntimeOnly:false HLODRelevant:true ListedInSceneOutliner:true IsMainWorldOnly:false FolderPath:Playground FolderGuid:6C02BB504B69D1F3D7A624B130C18E5B
 |   |   |- Guid:081EE6B144A3524F0C0DFA9E21C99969 NativeClass:/Script/Engine.StaticMeshActor Name:StaticMeshActor_UAID_004E01BD7690319B02_1217300816 Label:SM_Cube10 SpatiallyLoaded:true EditorBounds:IsValid=true, Min=(X=300.259 Y=1185.721 Z=10.000), Max=(X=1100.000 Y=2111.800 Z=410.000) RuntimeBounds:IsValid=true, Min=(X=300.259 Y=1185.721 Z=10.000), Max=(X=1100.000 Y=2111.800 Z=410.000) RuntimeGrid:None EditorOnly:false RuntimeOnly:false HLODRelevant:true ListedInSceneOutliner:true IsMainWorldOnly:false FolderPath:Playground FolderGuid:6C02BB504B69D1F3D7A624B130C18E5B
 |   |   |- Guid:09B4DEE34163031D8FBE798B7223359A NativeClass:/Script/Engine.StaticMeshActor Name:StaticMeshActor_UAID_004E01BD7690319B02_1613684822 Label:SM_Cube16 SpatiallyLoaded:true EditorBounds:IsValid=true, Min=(X=1820.000 Y=370.000 Z=0.000), Max=(X=2595.000 Y=470.000 Z=400.000) RuntimeBounds:IsValid=true, Min=(X=1820.000 Y=370.000 Z=0.000), Max=(X=2595.000 Y=470.000 Z=400.000) RuntimeGrid:None EditorOnly:false RuntimeOnly:false HLODRelevant:true ListedInSceneOutliner:true IsMainWorldOnly:false FolderPath:Playground FolderGuid:6C02BB504B69D1F3D7A624B130C18E5B
 |   |   |- Guid:0EDB289B45CB7E0977A6DBA74201EE76 NativeClass:/Script/Engine.StaticMeshActor Name:StaticMeshActor_10 Label:SM_Cube6 SpatiallyLoaded:true EditorBounds:IsValid=true, Min=(X=2900.000 Y=100.000 Z=0.000), Max=(X=3000.000 Y=3400.000 Z=400.000) RuntimeBounds:IsValid=true, Min=(X=2900.000 Y=100.000 Z=0.000), Max=(X=3000.000 Y=3400.000 Z=400.000) RuntimeGrid:None EditorOnly:false RuntimeOnly:false HLODRelevant:true ListedInSceneOutliner:true IsMainWorldOnly:false FolderPath:Playground FolderGuid:6C02BB504B69D1F3D7A624B130C18E5B
 |   |   |- Guid:11BE30524549A55979233ABC8D56B075 NativeClass:/Script/Engine.StaticMeshActor Name:StaticMeshActor_UAID_004E01BD7690319B02_1198675815 Label:SM_Cube9 SpatiallyLoaded:true EditorBounds:IsValid=true, Min=(X=1030.000 Y=130.000 Z=0.000), Max=(X=1130.000 Y=1255.000 Z=400.000) RuntimeBounds:IsValid=true, Min=(X=1030.000 Y=130.000 Z=0.000), Max=(X=1130.000 Y=1255.000 Z=400.000) RuntimeGrid:None EditorOnly:false RuntimeOnly:false HLODRelevant:true ListedInSceneOutliner:true IsMainWorldOnly:false FolderPath:Playground FolderGuid:6C02BB504B69D1F3D7A624B130C18E5B
 |   |   |- Guid:1DFEF69D40B5F77CF17777AB8ADFB0C1 NativeClass:/Script/Engine.StaticMeshActor Name:StaticMeshActor_UAID_004E01BD7690319B02_1659489823 Label:SM_Cube17 SpatiallyLoaded:true EditorBounds:IsValid=true, Min=(X=2150.000 Y=1030.000 Z=0.000), Max=(X=2925.000 Y=1130.000 Z=400.000) RuntimeBounds:IsValid=true, Min=(X=2150.000 Y=1030.000 Z=0.000), Max=(X=2925.000 Y=1130.000 Z=400.000) RuntimeGrid:None EditorOnly:false RuntimeOnly:false HLODRelevant:true ListedInSceneOutliner:true IsMainWorldOnly:false FolderPath:Playground FolderGuid:6C02BB504B69D1F3D7A624B130C18E5B
 |   |   |- Guid:1E8DC1974AA2C2E179E7269CF73C9FC8 NativeClass:/Script/Engine.StaticMeshActor Name:StaticMeshActor_UAID_004E01BD7690319B02_1812970827 Label:SM_Cube21 SpatiallyLoaded:true EditorBounds:IsValid=true, Min=(X=2490.000 Y=1310.000 Z=0.000), Max=(X=2590.000 Y=2085.000 Z=400.000) RuntimeBounds:IsValid=true, Min=(X=2490.000 Y=1310.000 Z=0.000), Max=(X=2590.000 Y=2085.000 Z=400.000) RuntimeGrid:None EditorOnly:false RuntimeOnly:false HLODRelevant:true ListedInSceneOutliner:true IsMainWorldOnly:false FolderPath:Playground FolderGuid:6C02BB504B69D1F3D7A624B130C18E5B
 |   |   |- Guid:21262252453B37957EF29F82ABA2413B NativeClass:/Script/Engine.TextRenderActor Name:TextRenderActor_1 Label:TextRenderActor SpatiallyLoaded:true EditorBounds:IsValid=true, Min=(X=-188.100 Y=972.000 Z=12.013), Max=(X=67.900 Y=2363.461 Z=268.013) RuntimeBounds:IsValid=true, Min=(X=-60.100 Y=1100.000 Z=65.013), Max=(X=-60.100 Y=2363.461 Z=215.013) RuntimeGrid:None EditorOnly:false RuntimeOnly:false HLODRelevant:false ListedInSceneOutliner:true IsMainWorldOnly:false
 |   |   |- Guid:22FDBE764DABCA135657919530BF2BBC NativeClass:/Script/Engine.DirectionalLight Name:DirectionalLight_UAID_004E01BD7690319B02_1957777829 Label:DirectionalLight SpatiallyLoaded:false EditorBounds:IsValid=false, Min=(X=0.000 Y=0.000 Z=0.000), Max=(X=0.000 Y=0.000 Z=0.000) RuntimeBounds:IsValid=false, Min=(X=0.000 Y=0.000 Z=0.000), Max=(X=0.000 Y=0.000 Z=0.000) RuntimeGrid:None EditorOnly:false RuntimeOnly:false HLODRelevant:false ListedInSceneOutliner:true IsMainWorldOnly:false
 |   |   |- Guid:335FB85546B2BBC2401D9B8015C58F0E NativeClass:/Script/Engine.StaticMeshActor Name:StaticMeshActor_UAID_004E01BD7690319B02_1839933828 Label:SM_Cube22 SpatiallyLoaded:true EditorBounds:IsValid=true, Min=(X=2070.000 Y=2530.000 Z=0.000), Max=(X=2170.000 Y=3180.000 Z=400.000) RuntimeBounds:IsValid=true, Min=(X=2070.000 Y=2530.000 Z=0.000), Max=(X=2170.000 Y=3180.000 Z=400.000) RuntimeGrid:None EditorOnly:false RuntimeOnly:false HLODRelevant:true ListedInSceneOutliner:true IsMainWorldOnly:false FolderPath:Playground FolderGuid:6C02BB504B69D1F3D7A624B130C18E5B
 |   |   |- Guid:383C9B8E46F46C9CDA2C9CACEE2CC60C NativeClass:/Script/Engine.PointLight Name:PointLight_UAID_004E01BD7690319B02_1978209830 Label:PointLight SpatiallyLoaded:true EditorBounds:IsValid=true, Min=(X=-193.926 Y=-856.457 Z=-16132.010), Max=(X=1806.074 Y=1143.543 Z=-14132.010) RuntimeBounds:IsValid=true, Min=(X=-193.926 Y=-856.457 Z=-16132.010), Max=(X=1806.074 Y=1143.543 Z=-14132.010) RuntimeGrid:None EditorOnly:false RuntimeOnly:false HLODRelevant:false ListedInSceneOutliner:true IsMainWorldOnly:false
 |   |   |- Guid:3B9549B842E073A22DA218B50093F5A2 NativeClass:/Script/Engine.StaticMeshActor Name:StaticMeshActor_UAID_004E01BD7690319B02_1423871819 Label:SM_Cube13 SpatiallyLoaded:true EditorBounds:IsValid=true, Min=(X=320.000 Y=2070.000 Z=0.000), Max=(X=420.000 Y=2520.000 Z=400.000) RuntimeBounds:IsValid=true, Min=(X=320.000 Y=2070.000 Z=0.000), Max=(X=420.000 Y=2520.000 Z=400.000) RuntimeGrid:None EditorOnly:false RuntimeOnly:false HLODRelevant:true ListedInSceneOutliner:true IsMainWorldOnly:false FolderPath:Playground FolderGuid:6C02BB504B69D1F3D7A624B130C18E5B
 |   |   |- Guid:45B5F50F4A2C2A2B3EA9D1B434C18E1C NativeClass:/Script/Engine.StaticMeshActor Name:StaticMeshActor_UAID_004E01BD7690319B02_1699537825 Label:SM_Cube19 SpatiallyLoaded:true EditorBounds:IsValid=true, Min=(X=1780.000 Y=1990.000 Z=0.000), Max=(X=2555.000 Y=2090.000 Z=400.000) RuntimeBounds:IsValid=true, Min=(X=1780.000 Y=1990.000 Z=0.000), Max=(X=2555.000 Y=2090.000 Z=400.000) RuntimeGrid:None EditorOnly:false RuntimeOnly:false HLODRelevant:true ListedInSceneOutliner:true IsMainWorldOnly:false FolderPath:Playground FolderGuid:6C02BB504B69D1F3D7A624B130C18E5B
 |   |   |- Guid:592393A3459280C2ED0611848A965287 NativeClass:/Script/Engine.StaticMeshActor Name:StaticMeshActor_UAID_004E01BD7690319B02_1792542826 Label:SM_Cube20 SpatiallyLoaded:true EditorBounds:IsValid=true, Min=(X=2080.000 Y=2450.000 Z=0.000), Max=(X=2855.000 Y=2550.000 Z=400.000) RuntimeBounds:IsValid=true, Min=(X=2080.000 Y=2450.000 Z=0.000), Max=(X=2855.000 Y=2550.000 Z=400.000) RuntimeGrid:None EditorOnly:false RuntimeOnly:false HLODRelevant:true ListedInSceneOutliner:true IsMainWorldOnly:false FolderPath:Playground FolderGuid:6C02BB504B69D1F3D7A624B130C18E5B
 |   |   |- Guid:5FE7584649BB6F09265329A6C57CFD0D NativeClass:/Script/Engine.VolumetricCloud Name:VolumetricCloud_0 Label:VolumetricCloud SpatiallyLoaded:false EditorBounds:IsValid=true, Min=(X=62.000 Y=92.000 Z=692.000), Max=(X=318.000 Y=348.000 Z=948.000) RuntimeBounds:IsValid=true, Min=(X=190.000 Y=220.000 Z=820.000), Max=(X=190.000 Y=220.000 Z=820.000) RuntimeGrid:None EditorOnly:false RuntimeOnly:false HLODRelevant:false ListedInSceneOutliner:true IsMainWorldOnly:false FolderGuid:0BA5F0A04EADB18E70D5B180D08FA34B
 |   |   |- Guid:61391D344900612A77DFC3BA3E354907 NativeClass:/Script/Engine.ExponentialHeightFog Name:ExponentialHeightFog_0 Label:ExponentialHeightFog SpatiallyLoaded:false EditorBounds:IsValid=true, Min=(X=-5600.000 Y=-50.000 Z=-6850.000), Max=(X=-5600.000 Y=-50.000 Z=-6850.000) RuntimeBounds:IsValid=true, Min=(X=-5600.000 Y=-50.000 Z=-6850.000), Max=(X=-5600.000 Y=-50.000 Z=-6850.000) RuntimeGrid:None EditorOnly:false RuntimeOnly:false HLODRelevant:false ListedInSceneOutliner:true IsMainWorldOnly:false FolderPath:Lighting FolderGuid:0BA5F0A04EADB18E70D5B180D08FA34B
 |   |   |- Guid:6743C77A43F7879D1CD610B0ACCD953C NativeClass:/Script/Engine.StaticMeshActor Name:StaticMeshActor_UAID_004E01BD7690319B02_1678673824 Label:SM_Cube18 SpatiallyLoaded:true EditorBounds:IsValid=true, Min=(X=2050.000 Y=1030.000 Z=0.000), Max=(X=2150.000 Y=1805.000 Z=400.000) RuntimeBounds:IsValid=true, Min=(X=2050.000 Y=1030.000 Z=0.000), Max=(X=2150.000 Y=1805.000 Z=400.000) RuntimeGrid:None EditorOnly:false RuntimeOnly:false HLODRelevant:true ListedInSceneOutliner:true IsMainWorldOnly:false FolderPath:Playground FolderGuid:6C02BB504B69D1F3D7A624B130C18E5B
 |   |   |- Guid:6CF14BDE4E08C9E671B05487A02E1990 NativeClass:/Script/Engine.StaticMeshActor Name:StaticMeshActor_UAID_004E01BD7690319B02_1542435821 Label:SM_Cube15 SpatiallyLoaded:true EditorBounds:IsValid=true, Min=(X=1710.000 Y=400.000 Z=0.000), Max=(X=1810.000 Y=3425.000 Z=400.000) RuntimeBounds:IsValid=true, Min=(X=1710.000 Y=400.000 Z=0.000), Max=(X=1810.000 Y=3425.000 Z=400.000) RuntimeGrid:None EditorOnly:false RuntimeOnly:false HLODRelevant:true ListedInSceneOutliner:true IsMainWorldOnly:false FolderPath:Playground FolderGuid:6C02BB504B69D1F3D7A624B130C18E5B
 |   |   |- Guid:6F188C5E478AAF8A5863FD80BECC8D9F NativeClass:/Script/Engine.PlayerStart Name:PlayerStart_UAID_004E01BD7690329B02_1160870007 Label:PlayerStart SpatiallyLoaded:false EditorBounds:IsValid=true, Min=(X=2.000 Y=302.000 Z=602.000), Max=(X=370.000 Y=558.000 Z=858.000) RuntimeBounds:IsValid=true, Min=(X=90.000 Y=390.000 Z=638.000), Max=(X=170.000 Y=470.000 Z=822.000) RuntimeGrid:None EditorOnly:false RuntimeOnly:false HLODRelevant:false ListedInSceneOutliner:true IsMainWorldOnly:false
 |   |   |- Guid:6FEFB3BD4EB37B849EF0D4AC80F83855 NativeClass:/Script/Engine.WorldDataLayers Name:WorldDataLayers Label:WorldDataLayers SpatiallyLoaded:false EditorBounds:IsValid=true, Min=(X=0.000 Y=0.000 Z=0.000), Max=(X=0.000 Y=0.000 Z=0.000) RuntimeBounds:IsValid=true, Min=(X=0.000 Y=0.000 Z=0.000), Max=(X=0.000 Y=0.000 Z=0.000) RuntimeGrid:None EditorOnly:false RuntimeOnly:false HLODRelevant:false ListedInSceneOutliner:true IsMainWorldOnly:true
 |   |   |- Guid:764666EF4316C7851F06859A678454F2 NativeClass:/Script/Engine.StaticMeshActor Name:StaticMeshActor_46 Label:SM_ChamferCube12 SpatiallyLoaded:true EditorBounds:IsValid=true, Min=(X=204.335 Y=3056.000 Z=0.013), Max=(X=345.218 Y=3196.884 Z=100.013) RuntimeBounds:IsValid=true, Min=(X=204.335 Y=3056.000 Z=0.013), Max=(X=345.218 Y=3196.884 Z=100.013) RuntimeGrid:None EditorOnly:false RuntimeOnly:false HLODRelevant:false ListedInSceneOutliner:true IsMainWorldOnly:false FolderPath:SimulatedCubes FolderGuid:9AEEADCB4DC6C647D6E7C0B4EDA1744F
 |   |   |- Guid:78CAF7514C7533F30BD2F19A017AAB65 NativeClass:/Script/Engine.StaticMeshActor Name:StaticMeshActor_0 Label:SM_Cube SpatiallyLoaded:true EditorBounds:IsValid=true, Min=(X=0.000 Y=0.000 Z=-50.000), Max=(X=3000.000 Y=3500.000 Z=0.000) RuntimeBounds:IsValid=true, Min=(X=0.000 Y=0.000 Z=-50.000), Max=(X=3000.000 Y=3500.000 Z=0.000) RuntimeGrid:None EditorOnly:false RuntimeOnly:false HLODRelevant:true ListedInSceneOutliner:true IsMainWorldOnly:false FolderPath:Playground FolderGuid:6C02BB504B69D1F3D7A624B130C18E5B
 |   |   |- Guid:7A0C378E461FFE591E417AA1FDA62068 NativeClass:/Script/Engine.StaticMeshActor Name:StaticMeshActor_UAID_004E01BD7690319B02_1165014814 Label:SM_Cube8 SpatiallyLoaded:true EditorBounds:IsValid=true, Min=(X=580.000 Y=100.000 Z=0.000), Max=(X=680.000 Y=1225.000 Z=400.000) RuntimeBounds:IsValid=true, Min=(X=580.000 Y=100.000 Z=0.000), Max=(X=680.000 Y=1225.000 Z=400.000) RuntimeGrid:None EditorOnly:false RuntimeOnly:false HLODRelevant:true ListedInSceneOutliner:true IsMainWorldOnly:false FolderPath:Playground FolderGuid:6C02BB504B69D1F3D7A624B130C18E5B
 |   |   |- Guid:8559D1384B14F466E8927697A36C1D78 NativeClass:/Script/Engine.StaticMeshActor Name:StaticMeshActor_9 Label:SM_Cube5 SpatiallyLoaded:true EditorBounds:IsValid=true, Min=(X=-10.000 Y=3400.000 Z=10.000), Max=(X=3015.000 Y=3500.000 Z=410.000) RuntimeBounds:IsValid=true, Min=(X=-10.000 Y=3400.000 Z=10.000), Max=(X=3015.000 Y=3500.000 Z=410.000) RuntimeGrid:None EditorOnly:false RuntimeOnly:false HLODRelevant:true ListedInSceneOutliner:true IsMainWorldOnly:false FolderPath:Playground FolderGuid:6C02BB504B69D1F3D7A624B130C18E5B
 |   |   |- Guid:90B7B8D3420C2EABA931D3A6A69DF696 NativeClass:/Script/Engine.StaticMeshActor Name:StaticMeshActor_3 Label:SM_Cube2 SpatiallyLoaded:true EditorBounds:IsValid=true, Min=(X=0.000 Y=0.000 Z=0.000), Max=(X=3000.000 Y=100.000 Z=400.000) RuntimeBounds:IsValid=true, Min=(X=0.000 Y=0.000 Z=0.000), Max=(X=3000.000 Y=100.000 Z=400.000) RuntimeGrid:None EditorOnly:false RuntimeOnly:false HLODRelevant:true ListedInSceneOutliner:true IsMainWorldOnly:false FolderPath:Playground FolderGuid:6C02BB504B69D1F3D7A624B130C18E5B
 |   |   |- Guid:9E7FA40A40AA5165784C119A3EE9A3AD NativeClass:/Script/Engine.StaticMeshActor Name:StaticMeshActor_UAID_004E01BD7690309B02_2104099637 Label:SM_Cube7 SpatiallyLoaded:true EditorBounds:IsValid=true, Min=(X=-0.000 Y=100.000 Z=0.000), Max=(X=100.000 Y=3400.000 Z=400.000) RuntimeBounds:IsValid=true, Min=(X=-0.000 Y=100.000 Z=0.000), Max=(X=100.000 Y=3400.000 Z=400.000) RuntimeGrid:None EditorOnly:false RuntimeOnly:false HLODRelevant:true ListedInSceneOutliner:true IsMainWorldOnly:false FolderPath:Playground FolderGuid:6C02BB504B69D1F3D7A624B130C18E5B
 |   |   |- Guid:AC5CFE2F4D33145D4C4374912078882F NativeClass:/Script/Engine.StaticMeshActor Name:StaticMeshActor_UAID_004E01BD7690319B02_1270592818 Label:SM_Cube12 SpatiallyLoaded:true EditorBounds:IsValid=true, Min=(X=1042.060 Y=850.000 Z=-17.365), Max=(X=1210.000 Y=1975.000 Z=393.923) RuntimeBounds:IsValid=true, Min=(X=1042.060 Y=850.000 Z=-17.365), Max=(X=1210.000 Y=1975.000 Z=393.923) RuntimeGrid:None EditorOnly:false RuntimeOnly:false HLODRelevant:true ListedInSceneOutliner:true IsMainWorldOnly:false FolderPath:Playground FolderGuid:6C02BB504B69D1F3D7A624B130C18E5B
 |   |   |- Guid:C22CE07C4B87D685137FDBBC10FC92C6 NativeClass:/Script/Engine.SkyAtmosphere Name:SkyAtmosphere_0 Label:SkyAtmosphere SpatiallyLoaded:false EditorBounds:IsValid=true, Min=(X=62.000 Y=62.000 Z=892.000), Max=(X=430.000 Y=318.000 Z=1148.000) RuntimeBounds:IsValid=true, Min=(X=190.000 Y=190.000 Z=1020.000), Max=(X=190.000 Y=190.000 Z=1020.000) RuntimeGrid:None EditorOnly:false RuntimeOnly:false HLODRelevant:false ListedInSceneOutliner:true IsMainWorldOnly:false FolderGuid:0BA5F0A04EADB18E70D5B180D08FA34B
 |   |   |- Guid:CE8D82634660FCDB3120E2B8D547C533 NativeClass:/Script/Engine.PostProcessVolume Name:PostProcessVolume_0 Label:PostProcessVolume SpatiallyLoaded:false EditorBounds:IsValid=true, Min=(X=0.000 Y=0.000 Z=400.000), Max=(X=200.000 Y=200.000 Z=600.000) RuntimeBounds:IsValid=true, Min=(X=0.000 Y=0.000 Z=400.000), Max=(X=200.000 Y=200.000 Z=600.000) RuntimeGrid:None EditorOnly:false RuntimeOnly:false HLODRelevant:false ListedInSceneOutliner:true IsMainWorldOnly:false FolderPath:Lighting FolderGuid:0BA5F0A04EADB18E70D5B180D08FA34B
 |   |   |- Guid:E5320C1B4FD9764CE7B54D8487AEC613 NativeClass:/Script/Engine.SkyLight Name:SkyLight_0 Label:SkyLight SpatiallyLoaded:false EditorBounds:IsValid=true, Min=(X=-1.000 Y=-1.000 Z=-1.000), Max=(X=220.000 Y=300.000 Z=690.000) RuntimeBounds:IsValid=true, Min=(X=220.000 Y=300.000 Z=690.000), Max=(X=220.000 Y=300.000 Z=690.000) RuntimeGrid:None EditorOnly:false RuntimeOnly:false HLODRelevant:false ListedInSceneOutliner:true IsMainWorldOnly:false FolderGuid:0BA5F0A04EADB18E70D5B180D08FA34B
 |   |   |- Guid:EDC3B27A41964371D661E9B041A79442 NativeClass:/Script/Engine.StaticMeshActor Name:StaticMeshActor_UAID_004E01BD7690319B02_1496174820 Label:SM_Cube14 SpatiallyLoaded:true EditorBounds:IsValid=true, Min=(X=332.635 Y=2860.000 Z=0.000), Max=(X=1457.909 Y=3153.835 Z=400.000) RuntimeBounds:IsValid=true, Min=(X=332.635 Y=2860.000 Z=0.000), Max=(X=1457.909 Y=3153.835 Z=400.000) RuntimeGrid:None EditorOnly:false RuntimeOnly:false HLODRelevant:true ListedInSceneOutliner:true IsMainWorldOnly:false FolderPath:Playground FolderGuid:6C02BB504B69D1F3D7A624B130C18E5B
 |   |- [+] Clusters:
 |   |   |- [+] [  0]
 |   |   |   |- Guid:0081FDDC4740A26DA8561484C3EE4835 NativeClass:/Script/Engine.StaticMeshActor Name:StaticMeshActor_UAID_004E01BD7690319B02_1257249817 Label:SM_Cube11 SpatiallyLoaded:true EditorBounds:IsValid=true, Min=(X=320.259 Y=1945.721 Z=50.000), Max=(X=1120.000 Y=2871.800 Z=450.000) RuntimeBounds:IsValid=true, Min=(X=320.259 Y=1945.721 Z=50.000), Max=(X=1120.000 Y=2871.800 Z=450.000) RuntimeGrid:None EditorOnly:false RuntimeOnly:false HLODRelevant:true ListedInSceneOutliner:true IsMainWorldOnly:false FolderPath:Playground FolderGuid:6C02BB504B69D1F3D7A624B130C18E5B
 |   |   |- [+] [  1]
 |   |   |   |- Guid:081EE6B144A3524F0C0DFA9E21C99969 NativeClass:/Script/Engine.StaticMeshActor Name:StaticMeshActor_UAID_004E01BD7690319B02_1217300816 Label:SM_Cube10 SpatiallyLoaded:true EditorBounds:IsValid=true, Min=(X=300.259 Y=1185.721 Z=10.000), Max=(X=1100.000 Y=2111.800 Z=410.000) RuntimeBounds:IsValid=true, Min=(X=300.259 Y=1185.721 Z=10.000), Max=(X=1100.000 Y=2111.800 Z=410.000) RuntimeGrid:None EditorOnly:false RuntimeOnly:false HLODRelevant:true ListedInSceneOutliner:true IsMainWorldOnly:false FolderPath:Playground FolderGuid:6C02BB504B69D1F3D7A624B130C18E5B
 |   |   |- [+] [  2]
 |   |   |   |- Guid:09B4DEE34163031D8FBE798B7223359A NativeClass:/Script/Engine.StaticMeshActor Name:StaticMeshActor_UAID_004E01BD7690319B02_1613684822 Label:SM_Cube16 SpatiallyLoaded:true EditorBounds:IsValid=true, Min=(X=1820.000 Y=370.000 Z=0.000), Max=(X=2595.000 Y=470.000 Z=400.000) RuntimeBounds:IsValid=true, Min=(X=1820.000 Y=370.000 Z=0.000), Max=(X=2595.000 Y=470.000 Z=400.000) RuntimeGrid:None EditorOnly:false RuntimeOnly:false HLODRelevant:true ListedInSceneOutliner:true IsMainWorldOnly:false FolderPath:Playground FolderGuid:6C02BB504B69D1F3D7A624B130C18E5B
 |   |   |- [+] [  3]
 |   |   |   |- Guid:0EDB289B45CB7E0977A6DBA74201EE76 NativeClass:/Script/Engine.StaticMeshActor Name:StaticMeshActor_10 Label:SM_Cube6 SpatiallyLoaded:true EditorBounds:IsValid=true, Min=(X=2900.000 Y=100.000 Z=0.000), Max=(X=3000.000 Y=3400.000 Z=400.000) RuntimeBounds:IsValid=true, Min=(X=2900.000 Y=100.000 Z=0.000), Max=(X=3000.000 Y=3400.000 Z=400.000) RuntimeGrid:None EditorOnly:false RuntimeOnly:false HLODRelevant:true ListedInSceneOutliner:true IsMainWorldOnly:false FolderPath:Playground FolderGuid:6C02BB504B69D1F3D7A624B130C18E5B
 |   |   |- [+] [  4]
 |   |   |   |- Guid:11BE30524549A55979233ABC8D56B075 NativeClass:/Script/Engine.StaticMeshActor Name:StaticMeshActor_UAID_004E01BD7690319B02_1198675815 Label:SM_Cube9 SpatiallyLoaded:true EditorBounds:IsValid=true, Min=(X=1030.000 Y=130.000 Z=0.000), Max=(X=1130.000 Y=1255.000 Z=400.000) RuntimeBounds:IsValid=true, Min=(X=1030.000 Y=130.000 Z=0.000), Max=(X=1130.000 Y=1255.000 Z=400.000) RuntimeGrid:None EditorOnly:false RuntimeOnly:false HLODRelevant:true ListedInSceneOutliner:true IsMainWorldOnly:false FolderPath:Playground FolderGuid:6C02BB504B69D1F3D7A624B130C18E5B
 |   |   |- [+] [  5]
 |   |   |   |- Guid:1DFEF69D40B5F77CF17777AB8ADFB0C1 NativeClass:/Script/Engine.StaticMeshActor Name:StaticMeshActor_UAID_004E01BD7690319B02_1659489823 Label:SM_Cube17 SpatiallyLoaded:true EditorBounds:IsValid=true, Min=(X=2150.000 Y=1030.000 Z=0.000), Max=(X=2925.000 Y=1130.000 Z=400.000) RuntimeBounds:IsValid=true, Min=(X=2150.000 Y=1030.000 Z=0.000), Max=(X=2925.000 Y=1130.000 Z=400.000) RuntimeGrid:None EditorOnly:false RuntimeOnly:false HLODRelevant:true ListedInSceneOutliner:true IsMainWorldOnly:false FolderPath:Playground FolderGuid:6C02BB504B69D1F3D7A624B130C18E5B
 |   |   |- [+] [  6]
 |   |   |   |- Guid:1E8DC1974AA2C2E179E7269CF73C9FC8 NativeClass:/Script/Engine.StaticMeshActor Name:StaticMeshActor_UAID_004E01BD7690319B02_1812970827 Label:SM_Cube21 SpatiallyLoaded:true EditorBounds:IsValid=true, Min=(X=2490.000 Y=1310.000 Z=0.000), Max=(X=2590.000 Y=2085.000 Z=400.000) RuntimeBounds:IsValid=true, Min=(X=2490.000 Y=1310.000 Z=0.000), Max=(X=2590.000 Y=2085.000 Z=400.000) RuntimeGrid:None EditorOnly:false RuntimeOnly:false HLODRelevant:true ListedInSceneOutliner:true IsMainWorldOnly:false FolderPath:Playground FolderGuid:6C02BB504B69D1F3D7A624B130C18E5B
 |   |   |- [+] [  7]
 |   |   |   |- Guid:21262252453B37957EF29F82ABA2413B NativeClass:/Script/Engine.TextRenderActor Name:TextRenderActor_1 Label:TextRenderActor SpatiallyLoaded:true EditorBounds:IsValid=true, Min=(X=-188.100 Y=972.000 Z=12.013), Max=(X=67.900 Y=2363.461 Z=268.013) RuntimeBounds:IsValid=true, Min=(X=-60.100 Y=1100.000 Z=65.013), Max=(X=-60.100 Y=2363.461 Z=215.013) RuntimeGrid:None EditorOnly:false RuntimeOnly:false HLODRelevant:false ListedInSceneOutliner:true IsMainWorldOnly:false
 |   |   |- [+] [  8]
 |   |   |   |- Guid:22FDBE764DABCA135657919530BF2BBC NativeClass:/Script/Engine.DirectionalLight Name:DirectionalLight_UAID_004E01BD7690319B02_1957777829 Label:DirectionalLight SpatiallyLoaded:false EditorBounds:IsValid=false, Min=(X=0.000 Y=0.000 Z=0.000), Max=(X=0.000 Y=0.000 Z=0.000) RuntimeBounds:IsValid=false, Min=(X=0.000 Y=0.000 Z=0.000), Max=(X=0.000 Y=0.000 Z=0.000) RuntimeGrid:None EditorOnly:false RuntimeOnly:false HLODRelevant:false ListedInSceneOutliner:true IsMainWorldOnly:false
 |   |   |- [+] [  9]
 |   |   |   |- Guid:335FB85546B2BBC2401D9B8015C58F0E NativeClass:/Script/Engine.StaticMeshActor Name:StaticMeshActor_UAID_004E01BD7690319B02_1839933828 Label:SM_Cube22 SpatiallyLoaded:true EditorBounds:IsValid=true, Min=(X=2070.000 Y=2530.000 Z=0.000), Max=(X=2170.000 Y=3180.000 Z=400.000) RuntimeBounds:IsValid=true, Min=(X=2070.000 Y=2530.000 Z=0.000), Max=(X=2170.000 Y=3180.000 Z=400.000) RuntimeGrid:None EditorOnly:false RuntimeOnly:false HLODRelevant:true ListedInSceneOutliner:true IsMainWorldOnly:false FolderPath:Playground FolderGuid:6C02BB504B69D1F3D7A624B130C18E5B
 |   |   |- [+] [ 10]
 |   |   |   |- Guid:383C9B8E46F46C9CDA2C9CACEE2CC60C NativeClass:/Script/Engine.PointLight Name:PointLight_UAID_004E01BD7690319B02_1978209830 Label:PointLight SpatiallyLoaded:true EditorBounds:IsValid=true, Min=(X=-193.926 Y=-856.457 Z=-16132.010), Max=(X=1806.074 Y=1143.543 Z=-14132.010) RuntimeBounds:IsValid=true, Min=(X=-193.926 Y=-856.457 Z=-16132.010), Max=(X=1806.074 Y=1143.543 Z=-14132.010) RuntimeGrid:None EditorOnly:false RuntimeOnly:false HLODRelevant:false ListedInSceneOutliner:true IsMainWorldOnly:false
 |   |   |- [+] [ 11]
 |   |   |   |- Guid:3B9549B842E073A22DA218B50093F5A2 NativeClass:/Script/Engine.StaticMeshActor Name:StaticMeshActor_UAID_004E01BD7690319B02_1423871819 Label:SM_Cube13 SpatiallyLoaded:true EditorBounds:IsValid=true, Min=(X=320.000 Y=2070.000 Z=0.000), Max=(X=420.000 Y=2520.000 Z=400.000) RuntimeBounds:IsValid=true, Min=(X=320.000 Y=2070.000 Z=0.000), Max=(X=420.000 Y=2520.000 Z=400.000) RuntimeGrid:None EditorOnly:false RuntimeOnly:false HLODRelevant:true ListedInSceneOutliner:true IsMainWorldOnly:false FolderPath:Playground FolderGuid:6C02BB504B69D1F3D7A624B130C18E5B
 |   |   |- [+] [ 12]
 |   |   |   |- Guid:45B5F50F4A2C2A2B3EA9D1B434C18E1C NativeClass:/Script/Engine.StaticMeshActor Name:StaticMeshActor_UAID_004E01BD7690319B02_1699537825 Label:SM_Cube19 SpatiallyLoaded:true EditorBounds:IsValid=true, Min=(X=1780.000 Y=1990.000 Z=0.000), Max=(X=2555.000 Y=2090.000 Z=400.000) RuntimeBounds:IsValid=true, Min=(X=1780.000 Y=1990.000 Z=0.000), Max=(X=2555.000 Y=2090.000 Z=400.000) RuntimeGrid:None EditorOnly:false RuntimeOnly:false HLODRelevant:true ListedInSceneOutliner:true IsMainWorldOnly:false FolderPath:Playground FolderGuid:6C02BB504B69D1F3D7A624B130C18E5B
 |   |   |- [+] [ 13]
 |   |   |   |- Guid:592393A3459280C2ED0611848A965287 NativeClass:/Script/Engine.StaticMeshActor Name:StaticMeshActor_UAID_004E01BD7690319B02_1792542826 Label:SM_Cube20 SpatiallyLoaded:true EditorBounds:IsValid=true, Min=(X=2080.000 Y=2450.000 Z=0.000), Max=(X=2855.000 Y=2550.000 Z=400.000) RuntimeBounds:IsValid=true, Min=(X=2080.000 Y=2450.000 Z=0.000), Max=(X=2855.000 Y=2550.000 Z=400.000) RuntimeGrid:None EditorOnly:false RuntimeOnly:false HLODRelevant:true ListedInSceneOutliner:true IsMainWorldOnly:false FolderPath:Playground FolderGuid:6C02BB504B69D1F3D7A624B130C18E5B
 |   |   |- [+] [ 14]
 |   |   |   |- Guid:5FE7584649BB6F09265329A6C57CFD0D NativeClass:/Script/Engine.VolumetricCloud Name:VolumetricCloud_0 Label:VolumetricCloud SpatiallyLoaded:false EditorBounds:IsValid=true, Min=(X=62.000 Y=92.000 Z=692.000), Max=(X=318.000 Y=348.000 Z=948.000) RuntimeBounds:IsValid=true, Min=(X=190.000 Y=220.000 Z=820.000), Max=(X=190.000 Y=220.000 Z=820.000) RuntimeGrid:None EditorOnly:false RuntimeOnly:false HLODRelevant:false ListedInSceneOutliner:true IsMainWorldOnly:false FolderGuid:0BA5F0A04EADB18E70D5B180D08FA34B
 |   |   |- [+] [ 15]
 |   |   |   |- Guid:61391D344900612A77DFC3BA3E354907 NativeClass:/Script/Engine.ExponentialHeightFog Name:ExponentialHeightFog_0 Label:ExponentialHeightFog SpatiallyLoaded:false EditorBounds:IsValid=true, Min=(X=-5600.000 Y=-50.000 Z=-6850.000), Max=(X=-5600.000 Y=-50.000 Z=-6850.000) RuntimeBounds:IsValid=true, Min=(X=-5600.000 Y=-50.000 Z=-6850.000), Max=(X=-5600.000 Y=-50.000 Z=-6850.000) RuntimeGrid:None EditorOnly:false RuntimeOnly:false HLODRelevant:false ListedInSceneOutliner:true IsMainWorldOnly:false FolderPath:Lighting FolderGuid:0BA5F0A04EADB18E70D5B180D08FA34B
 |   |   |- [+] [ 16]
 |   |   |   |- Guid:6743C77A43F7879D1CD610B0ACCD953C NativeClass:/Script/Engine.StaticMeshActor Name:StaticMeshActor_UAID_004E01BD7690319B02_1678673824 Label:SM_Cube18 SpatiallyLoaded:true EditorBounds:IsValid=true, Min=(X=2050.000 Y=1030.000 Z=0.000), Max=(X=2150.000 Y=1805.000 Z=400.000) RuntimeBounds:IsValid=true, Min=(X=2050.000 Y=1030.000 Z=0.000), Max=(X=2150.000 Y=1805.000 Z=400.000) RuntimeGrid:None EditorOnly:false RuntimeOnly:false HLODRelevant:true ListedInSceneOutliner:true IsMainWorldOnly:false FolderPath:Playground FolderGuid:6C02BB504B69D1F3D7A624B130C18E5B
 |   |   |- [+] [ 17]
 |   |   |   |- Guid:6CF14BDE4E08C9E671B05487A02E1990 NativeClass:/Script/Engine.StaticMeshActor Name:StaticMeshActor_UAID_004E01BD7690319B02_1542435821 Label:SM_Cube15 SpatiallyLoaded:true EditorBounds:IsValid=true, Min=(X=1710.000 Y=400.000 Z=0.000), Max=(X=1810.000 Y=3425.000 Z=400.000) RuntimeBounds:IsValid=true, Min=(X=1710.000 Y=400.000 Z=0.000), Max=(X=1810.000 Y=3425.000 Z=400.000) RuntimeGrid:None EditorOnly:false RuntimeOnly:false HLODRelevant:true ListedInSceneOutliner:true IsMainWorldOnly:false FolderPath:Playground FolderGuid:6C02BB504B69D1F3D7A624B130C18E5B
 |   |   |- [+] [ 18]
 |   |   |   |- Guid:6F188C5E478AAF8A5863FD80BECC8D9F NativeClass:/Script/Engine.PlayerStart Name:PlayerStart_UAID_004E01BD7690329B02_1160870007 Label:PlayerStart SpatiallyLoaded:false EditorBounds:IsValid=true, Min=(X=2.000 Y=302.000 Z=602.000), Max=(X=370.000 Y=558.000 Z=858.000) RuntimeBounds:IsValid=true, Min=(X=90.000 Y=390.000 Z=638.000), Max=(X=170.000 Y=470.000 Z=822.000) RuntimeGrid:None EditorOnly:false RuntimeOnly:false HLODRelevant:false ListedInSceneOutliner:true IsMainWorldOnly:false
 |   |   |- [+] [ 19]
 |   |   |   |- Guid:6FEFB3BD4EB37B849EF0D4AC80F83855 NativeClass:/Script/Engine.WorldDataLayers Name:WorldDataLayers Label:WorldDataLayers SpatiallyLoaded:false EditorBounds:IsValid=true, Min=(X=0.000 Y=0.000 Z=0.000), Max=(X=0.000 Y=0.000 Z=0.000) RuntimeBounds:IsValid=true, Min=(X=0.000 Y=0.000 Z=0.000), Max=(X=0.000 Y=0.000 Z=0.000) RuntimeGrid:None EditorOnly:false RuntimeOnly:false HLODRelevant:false ListedInSceneOutliner:true IsMainWorldOnly:true
 |   |   |- [+] [ 20]
 |   |   |   |- Guid:764666EF4316C7851F06859A678454F2 NativeClass:/Script/Engine.StaticMeshActor Name:StaticMeshActor_46 Label:SM_ChamferCube12 SpatiallyLoaded:true EditorBounds:IsValid=true, Min=(X=204.335 Y=3056.000 Z=0.013), Max=(X=345.218 Y=3196.884 Z=100.013) RuntimeBounds:IsValid=true, Min=(X=204.335 Y=3056.000 Z=0.013), Max=(X=345.218 Y=3196.884 Z=100.013) RuntimeGrid:None EditorOnly:false RuntimeOnly:false HLODRelevant:false ListedInSceneOutliner:true IsMainWorldOnly:false FolderPath:SimulatedCubes FolderGuid:9AEEADCB4DC6C647D6E7C0B4EDA1744F
 |   |   |- [+] [ 21]
 |   |   |   |- Guid:78CAF7514C7533F30BD2F19A017AAB65 NativeClass:/Script/Engine.StaticMeshActor Name:StaticMeshActor_0 Label:SM_Cube SpatiallyLoaded:true EditorBounds:IsValid=true, Min=(X=0.000 Y=0.000 Z=-50.000), Max=(X=3000.000 Y=3500.000 Z=0.000) RuntimeBounds:IsValid=true, Min=(X=0.000 Y=0.000 Z=-50.000), Max=(X=3000.000 Y=3500.000 Z=0.000) RuntimeGrid:None EditorOnly:false RuntimeOnly:false HLODRelevant:true ListedInSceneOutliner:true IsMainWorldOnly:false FolderPath:Playground FolderGuid:6C02BB504B69D1F3D7A624B130C18E5B
 |   |   |- [+] [ 22]
 |   |   |   |- Guid:7A0C378E461FFE591E417AA1FDA62068 NativeClass:/Script/Engine.StaticMeshActor Name:StaticMeshActor_UAID_004E01BD7690319B02_1165014814 Label:SM_Cube8 SpatiallyLoaded:true EditorBounds:IsValid=true, Min=(X=580.000 Y=100.000 Z=0.000), Max=(X=680.000 Y=1225.000 Z=400.000) RuntimeBounds:IsValid=true, Min=(X=580.000 Y=100.000 Z=0.000), Max=(X=680.000 Y=1225.000 Z=400.000) RuntimeGrid:None EditorOnly:false RuntimeOnly:false HLODRelevant:true ListedInSceneOutliner:true IsMainWorldOnly:false FolderPath:Playground FolderGuid:6C02BB504B69D1F3D7A624B130C18E5B
 |   |   |- [+] [ 23]
 |   |   |   |- Guid:8559D1384B14F466E8927697A36C1D78 NativeClass:/Script/Engine.StaticMeshActor Name:StaticMeshActor_9 Label:SM_Cube5 SpatiallyLoaded:true EditorBounds:IsValid=true, Min=(X=-10.000 Y=3400.000 Z=10.000), Max=(X=3015.000 Y=3500.000 Z=410.000) RuntimeBounds:IsValid=true, Min=(X=-10.000 Y=3400.000 Z=10.000), Max=(X=3015.000 Y=3500.000 Z=410.000) RuntimeGrid:None EditorOnly:false RuntimeOnly:false HLODRelevant:true ListedInSceneOutliner:true IsMainWorldOnly:false FolderPath:Playground FolderGuid:6C02BB504B69D1F3D7A624B130C18E5B
 |   |   |- [+] [ 24]
 |   |   |   |- Guid:90B7B8D3420C2EABA931D3A6A69DF696 NativeClass:/Script/Engine.StaticMeshActor Name:StaticMeshActor_3 Label:SM_Cube2 SpatiallyLoaded:true EditorBounds:IsValid=true, Min=(X=0.000 Y=0.000 Z=0.000), Max=(X=3000.000 Y=100.000 Z=400.000) RuntimeBounds:IsValid=true, Min=(X=0.000 Y=0.000 Z=0.000), Max=(X=3000.000 Y=100.000 Z=400.000) RuntimeGrid:None EditorOnly:false RuntimeOnly:false HLODRelevant:true ListedInSceneOutliner:true IsMainWorldOnly:false FolderPath:Playground FolderGuid:6C02BB504B69D1F3D7A624B130C18E5B
 |   |   |- [+] [ 25]
 |   |   |   |- Guid:9E7FA40A40AA5165784C119A3EE9A3AD NativeClass:/Script/Engine.StaticMeshActor Name:StaticMeshActor_UAID_004E01BD7690309B02_2104099637 Label:SM_Cube7 SpatiallyLoaded:true EditorBounds:IsValid=true, Min=(X=-0.000 Y=100.000 Z=0.000), Max=(X=100.000 Y=3400.000 Z=400.000) RuntimeBounds:IsValid=true, Min=(X=-0.000 Y=100.000 Z=0.000), Max=(X=100.000 Y=3400.000 Z=400.000) RuntimeGrid:None EditorOnly:false RuntimeOnly:false HLODRelevant:true ListedInSceneOutliner:true IsMainWorldOnly:false FolderPath:Playground FolderGuid:6C02BB504B69D1F3D7A624B130C18E5B
 |   |   |- [+] [ 26]
 |   |   |   |- Guid:AC5CFE2F4D33145D4C4374912078882F NativeClass:/Script/Engine.StaticMeshActor Name:StaticMeshActor_UAID_004E01BD7690319B02_1270592818 Label:SM_Cube12 SpatiallyLoaded:true EditorBounds:IsValid=true, Min=(X=1042.060 Y=850.000 Z=-17.365), Max=(X=1210.000 Y=1975.000 Z=393.923) RuntimeBounds:IsValid=true, Min=(X=1042.060 Y=850.000 Z=-17.365), Max=(X=1210.000 Y=1975.000 Z=393.923) RuntimeGrid:None EditorOnly:false RuntimeOnly:false HLODRelevant:true ListedInSceneOutliner:true IsMainWorldOnly:false FolderPath:Playground FolderGuid:6C02BB504B69D1F3D7A624B130C18E5B
 |   |   |- [+] [ 27]
 |   |   |   |- Guid:C22CE07C4B87D685137FDBBC10FC92C6 NativeClass:/Script/Engine.SkyAtmosphere Name:SkyAtmosphere_0 Label:SkyAtmosphere SpatiallyLoaded:false EditorBounds:IsValid=true, Min=(X=62.000 Y=62.000 Z=892.000), Max=(X=430.000 Y=318.000 Z=1148.000) RuntimeBounds:IsValid=true, Min=(X=190.000 Y=190.000 Z=1020.000), Max=(X=190.000 Y=190.000 Z=1020.000) RuntimeGrid:None EditorOnly:false RuntimeOnly:false HLODRelevant:false ListedInSceneOutliner:true IsMainWorldOnly:false FolderGuid:0BA5F0A04EADB18E70D5B180D08FA34B
 |   |   |- [+] [ 28]
 |   |   |   |- Guid:CE8D82634660FCDB3120E2B8D547C533 NativeClass:/Script/Engine.PostProcessVolume Name:PostProcessVolume_0 Label:PostProcessVolume SpatiallyLoaded:false EditorBounds:IsValid=true, Min=(X=0.000 Y=0.000 Z=400.000), Max=(X=200.000 Y=200.000 Z=600.000) RuntimeBounds:IsValid=true, Min=(X=0.000 Y=0.000 Z=400.000), Max=(X=200.000 Y=200.000 Z=600.000) RuntimeGrid:None EditorOnly:false RuntimeOnly:false HLODRelevant:false ListedInSceneOutliner:true IsMainWorldOnly:false FolderPath:Lighting FolderGuid:0BA5F0A04EADB18E70D5B180D08FA34B
 |   |   |- [+] [ 29]
 |   |   |   |- Guid:E5320C1B4FD9764CE7B54D8487AEC613 NativeClass:/Script/Engine.SkyLight Name:SkyLight_0 Label:SkyLight SpatiallyLoaded:false EditorBounds:IsValid=true, Min=(X=-1.000 Y=-1.000 Z=-1.000), Max=(X=220.000 Y=300.000 Z=690.000) RuntimeBounds:IsValid=true, Min=(X=220.000 Y=300.000 Z=690.000), Max=(X=220.000 Y=300.000 Z=690.000) RuntimeGrid:None EditorOnly:false RuntimeOnly:false HLODRelevant:false ListedInSceneOutliner:true IsMainWorldOnly:false FolderGuid:0BA5F0A04EADB18E70D5B180D08FA34B
 |   |   |- [+] [ 30]
 |   |   |   |- Guid:EDC3B27A41964371D661E9B041A79442 NativeClass:/Script/Engine.StaticMeshActor Name:StaticMeshActor_UAID_004E01BD7690319B02_1496174820 Label:SM_Cube14 SpatiallyLoaded:true EditorBounds:IsValid=true, Min=(X=332.635 Y=2860.000 Z=0.000), Max=(X=1457.909 Y=3153.835 Z=400.000) RuntimeBounds:IsValid=true, Min=(X=332.635 Y=2860.000 Z=0.000), Max=(X=1457.909 Y=3153.835 Z=400.000) RuntimeGrid:None EditorOnly:false RuntimeOnly:false HLODRelevant:true ListedInSceneOutliner:true IsMainWorldOnly:false FolderPath:Playground FolderGuid:6C02BB504B69D1F3D7A624B130C18E5B
 |- ContainerInstances:
 |- [+] MainContainer:
 |   |-        ID: 00000000000000000000000000000000
 |   |-  ParentID: 00000000000000000000000000000000
 |   |-    Bounds: IsValid=false, Min=(X=0.000 Y=0.000 Z=0.000), Max=(X=0.000 Y=0.000 Z=0.000)
 |   |- Transform: 0.000000,0.000000,0.000000|0.000000,0.000000,-0.000000|1.000000,1.000000,1.000000
 |   |- Container: /Game/FirstPerson/Maps/FirstPersonMap
----------------------------------------------------------------------------------------------------------------
FirstPersonMap - Persistent Level
----------------------------------------------------------------------------------------------------------------
[+] Content of FirstPersonMap Persistent Level
 |- Always loaded Actor Count: 31 
 |- Actor Path: /Game/FirstPerson/Maps/FirstPersonMap.FirstPersonMap:PersistentLevel.DirectionalLight_UAID_004E01BD7690319B02_1957777829
 |- Actor Package: /Game/__ExternalActors__/FirstPerson/Maps/FirstPersonMap/7/PB/C5CA32IPR36KTHBT9UG475
 |- Actor Path: /Game/FirstPerson/Maps/FirstPersonMap.FirstPersonMap:PersistentLevel.ExponentialHeightFog_0
 |- Actor Package: /Game/__ExternalActors__/FirstPerson/Maps/FirstPersonMap/0/CL/381LM03PFI8AF9NED1SEV2
 |- Actor Path: /Game/FirstPerson/Maps/FirstPersonMap.FirstPersonMap:PersistentLevel.PlayerStart_UAID_004E01BD7690329B02_1160870007
 |- Actor Package: /Game/__ExternalActors__/FirstPerson/Maps/FirstPersonMap/B/0S/NMIO8G5AX6D41PDI2UD6NS
 |- Actor Path: /Game/FirstPerson/Maps/FirstPersonMap.FirstPersonMap:PersistentLevel.PointLight_UAID_004E01BD7690319B02_1978209830
 |- Actor Package: /Game/__ExternalActors__/FirstPerson/Maps/FirstPersonMap/E/KT/9YT1039ARQ10R2MWPBKBPD
 |- Actor Path: /Game/FirstPerson/Maps/FirstPersonMap.FirstPersonMap:PersistentLevel.PostProcessVolume_0
 |- Actor Package: /Game/__ExternalActors__/FirstPerson/Maps/FirstPersonMap/E/MX/R1GV431P5FDO08OFULRA01
 |- Actor Path: /Game/FirstPerson/Maps/FirstPersonMap.FirstPersonMap:PersistentLevel.SkyAtmosphere_0
 |- Actor Package: /Game/__ExternalActors__/FirstPerson/Maps/FirstPersonMap/C/VO/VMN4G7K3NKKV6F8HTPHHDB
 |- Actor Path: /Game/FirstPerson/Maps/FirstPersonMap.FirstPersonMap:PersistentLevel.SkyLight_0
 |- Actor Package: /Game/__ExternalActors__/FirstPerson/Maps/FirstPersonMap/6/0Z/5RQIHCZ9W3UXRGL4LTLQAK
 |- Actor Path: /Game/FirstPerson/Maps/FirstPersonMap.FirstPersonMap:PersistentLevel.StaticMeshActor_0
 |- Actor Package: /Game/__ExternalActors__/FirstPerson/Maps/FirstPersonMap/7/L5/1ZJ54FMA0DAL3I2Q8RFAIB
 |- Actor Path: /Game/FirstPerson/Maps/FirstPersonMap.FirstPersonMap:PersistentLevel.StaticMeshActor_10
 |- Actor Package: /Game/__ExternalActors__/FirstPerson/Maps/FirstPersonMap/A/XJ/HL558UUAGCS9HVVOI0S7PX
 |- Actor Path: /Game/FirstPerson/Maps/FirstPersonMap.FirstPersonMap:PersistentLevel.StaticMeshActor_3
 |- Actor Package: /Game/__ExternalActors__/FirstPerson/Maps/FirstPersonMap/3/AI/0XWE3RNM2XQC0ST1KXG02O
 |- Actor Path: /Game/FirstPerson/Maps/FirstPersonMap.FirstPersonMap:PersistentLevel.StaticMeshActor_46
 |- Actor Package: /Game/__ExternalActors__/FirstPerson/Maps/FirstPersonMap/8/Y4/KY9ZXT77SAVGWBRTNCFCSC
 |- Actor Path: /Game/FirstPerson/Maps/FirstPersonMap.FirstPersonMap:PersistentLevel.StaticMeshActor_9
 |- Actor Package: /Game/__ExternalActors__/FirstPerson/Maps/FirstPersonMap/E/UE/YUZ9741T50O1SYRX90OB0S
 |- Actor Path: /Game/FirstPerson/Maps/FirstPersonMap.FirstPersonMap:PersistentLevel.StaticMeshActor_UAID_004E01BD7690309B02_2104099637
 |- Actor Package: /Game/__ExternalActors__/FirstPerson/Maps/FirstPersonMap/9/TL/1WH5GPZVYU8ZV9Z76705LJ
 |- Actor Path: /Game/FirstPerson/Maps/FirstPersonMap.FirstPersonMap:PersistentLevel.StaticMeshActor_UAID_004E01BD7690319B02_1165014814
 |- Actor Package: /Game/__ExternalActors__/FirstPerson/Maps/FirstPersonMap/9/IZ/7JGLX4LRU3DT5J13BH6B7M
 |- Actor Path: /Game/FirstPerson/Maps/FirstPersonMap.FirstPersonMap:PersistentLevel.StaticMeshActor_UAID_004E01BD7690319B02_1198675815
 |- Actor Package: /Game/__ExternalActors__/FirstPerson/Maps/FirstPersonMap/0/UU/OJ1U2H3ZQXZRL26ELJAGE8
 |- Actor Path: /Game/FirstPerson/Maps/FirstPersonMap.FirstPersonMap:PersistentLevel.StaticMeshActor_UAID_004E01BD7690319B02_1217300816
 |- Actor Package: /Game/__ExternalActors__/FirstPerson/Maps/FirstPersonMap/C/RH/Q97H4307KSZK2W8XJ72WON
 |- Actor Path: /Game/FirstPerson/Maps/FirstPersonMap.FirstPersonMap:PersistentLevel.StaticMeshActor_UAID_004E01BD7690319B02_1257249817
 |- Actor Package: /Game/__ExternalActors__/FirstPerson/Maps/FirstPersonMap/2/X6/U625FYQJTGQDPQKMB9AP5U
 |- Actor Path: /Game/FirstPerson/Maps/FirstPersonMap.FirstPersonMap:PersistentLevel.StaticMeshActor_UAID_004E01BD7690319B02_1270592818
 |- Actor Package: /Game/__ExternalActors__/FirstPerson/Maps/FirstPersonMap/6/34/1NG5PKK37A9FY5SVT7URTR
 |- Actor Path: /Game/FirstPerson/Maps/FirstPersonMap.FirstPersonMap:PersistentLevel.StaticMeshActor_UAID_004E01BD7690319B02_1423871819
 |- Actor Package: /Game/__ExternalActors__/FirstPerson/Maps/FirstPersonMap/1/42/G2J5U3BRVEPPBHFXVG3ZV5
 |- Actor Path: /Game/FirstPerson/Maps/FirstPersonMap.FirstPersonMap:PersistentLevel.StaticMeshActor_UAID_004E01BD7690319B02_1496174820
 |- Actor Package: /Game/__ExternalActors__/FirstPerson/Maps/FirstPersonMap/4/9Y/MUPINFXHUPA3IJ4FW05PAZ
 |- Actor Path: /Game/FirstPerson/Maps/FirstPersonMap.FirstPersonMap:PersistentLevel.StaticMeshActor_UAID_004E01BD7690319B02_1542435821
 |- Actor Package: /Game/__ExternalActors__/FirstPerson/Maps/FirstPersonMap/0/W1/7D327H31385YB8HHPYZSGO
 |- Actor Path: /Game/FirstPerson/Maps/FirstPersonMap.FirstPersonMap:PersistentLevel.StaticMeshActor_UAID_004E01BD7690319B02_1613684822
 |- Actor Package: /Game/__ExternalActors__/FirstPerson/Maps/FirstPersonMap/C/YF/R5H9O3OS49XJ2G7VUKFLZB
 |- Actor Path: /Game/FirstPerson/Maps/FirstPersonMap.FirstPersonMap:PersistentLevel.StaticMeshActor_UAID_004E01BD7690319B02_1659489823
 |- Actor Package: /Game/__ExternalActors__/FirstPerson/Maps/FirstPersonMap/F/0T/D754859CNYX6S1R1J6MR69
 |- Actor Path: /Game/FirstPerson/Maps/FirstPersonMap.FirstPersonMap:PersistentLevel.StaticMeshActor_UAID_004E01BD7690319B02_1678673824
 |- Actor Package: /Game/__ExternalActors__/FirstPerson/Maps/FirstPersonMap/2/Y3/NI04GZUMEQAL5DS3SECAG7
 |- Actor Path: /Game/FirstPerson/Maps/FirstPersonMap.FirstPersonMap:PersistentLevel.StaticMeshActor_UAID_004E01BD7690319B02_1699537825
 |- Actor Package: /Game/__ExternalActors__/FirstPerson/Maps/FirstPersonMap/4/CH/MSK4KGV29TJQN0X8UEC26E
 |- Actor Path: /Game/FirstPerson/Maps/FirstPersonMap.FirstPersonMap:PersistentLevel.StaticMeshActor_UAID_004E01BD7690319B02_1792542826
 |- Actor Package: /Game/__ExternalActors__/FirstPerson/Maps/FirstPersonMap/A/XL/DRTEYK2UCTDZONPOANL9HK
 |- Actor Path: /Game/FirstPerson/Maps/FirstPersonMap.FirstPersonMap:PersistentLevel.StaticMeshActor_UAID_004E01BD7690319B02_1812970827
 |- Actor Package: /Game/__ExternalActors__/FirstPerson/Maps/FirstPersonMap/B/TV/0NYN7ZXL9ET91WNQNVLNLL
 |- Actor Path: /Game/FirstPerson/Maps/FirstPersonMap.FirstPersonMap:PersistentLevel.StaticMeshActor_UAID_004E01BD7690319B02_1839933828
 |- Actor Package: /Game/__ExternalActors__/FirstPerson/Maps/FirstPersonMap/7/GU/4EKI8K7I2WUJ48S7DSJGZX
 |- Actor Path: /Game/FirstPerson/Maps/FirstPersonMap.FirstPersonMap:PersistentLevel.TextRenderActor_1
 |- Actor Package: /Game/__ExternalActors__/FirstPerson/Maps/FirstPersonMap/1/RN/55P1SMQLAF7OK6300D5I8N
 |- Actor Path: /Game/FirstPerson/Maps/FirstPersonMap.FirstPersonMap:PersistentLevel.VolumetricCloud_0
 |- Actor Package: /Game/__ExternalActors__/FirstPerson/Maps/FirstPersonMap/0/GO/I8WEFD3RY9V3NVQLSU6QM4
 |- Actor Path: /Game/FirstPerson/Maps/FirstPersonMap.FirstPersonMap:PersistentLevel.WorldDataLayers
 |- Actor Package: /Game/__ExternalActors__/FirstPerson/Maps/FirstPersonMap/D/0W/E1FKEGVKGOLM7HGLQPCIPO

----------------------------------------------------------------------------------------------------------------
FirstPersonMap - Runtime Hash Set
----------------------------------------------------------------------------------------------------------------

